Copyright 1986-2022 Xilinx, Inc. All Rights Reserved. Copyright 2022-2023 Advanced Micro Devices, Inc. All Rights Reserved.
---------------------------------------------------------------------------------------------------------------------------------------------
| Tool Version : Vivado v.2023.1 (win64) Build 3865809 Sun May  7 15:05:29 MDT 2023
| Date         : Fri Jan 19 20:47:10 2024
| Host         : LAPTOP-M2QP75QN running 64-bit major release  (build 9200)
| Command      : report_control_sets -verbose -file TOP_LAVADORA_control_sets_placed.rpt
| Design       : TOP_LAVADORA
| Device       : xc7a100t
---------------------------------------------------------------------------------------------------------------------------------------------

Control Set Information

Table of Contents
-----------------
1. Summary
2. Histogram
3. Flip-Flop Distribution
4. Detailed Control Set Information

1. Summary
----------

+----------------------------------------------------------+-------+
|                          Status                          | Count |
+----------------------------------------------------------+-------+
| Total control sets                                       |     6 |
|    Minimum number of control sets                        |     6 |
|    Addition due to synthesis replication                 |     0 |
|    Addition due to physical synthesis replication        |     0 |
| Unused register locations in slices containing registers |    37 |
+----------------------------------------------------------+-------+
* Control sets can be merged at opt_design using control_set_merge or merge_equivalent_drivers
** Run report_qor_suggestions for automated merging and remapping suggestions


2. Histogram
------------

+--------------------+-------+
|       Fanout       | Count |
+--------------------+-------+
| Total control sets |     6 |
| >= 0 to < 4        |     4 |
| >= 4 to < 6        |     0 |
| >= 6 to < 8        |     0 |
| >= 8 to < 10       |     1 |
| >= 10 to < 12      |     0 |
| >= 12 to < 14      |     0 |
| >= 14 to < 16      |     1 |
| >= 16              |     0 |
+--------------------+-------+
* Control sets can be remapped at either synth_design or opt_design


3. Flip-Flop Distribution
-------------------------

+--------------+-----------------------+------------------------+-----------------+--------------+
| Clock Enable | Synchronous Set/Reset | Asynchronous Set/Reset | Total Registers | Total Slices |
+--------------+-----------------------+------------------------+-----------------+--------------+
| No           | No                    | No                     |              22 |           13 |
| No           | No                    | Yes                    |               3 |            1 |
| No           | Yes                   | No                     |               0 |            0 |
| Yes          | No                    | No                     |               1 |            1 |
| Yes          | No                    | Yes                    |               0 |            0 |
| Yes          | Yes                   | No                     |               1 |            1 |
+--------------+-----------------------+------------------------+-----------------+--------------+


4. Detailed Control Set Information
-----------------------------------

+---------------------------------------------------+----------------------------+------------------------------------+------------------+----------------+--------------+
|                    Clock Signal                   |        Enable Signal       |          Set/Reset Signal          | Slice Load Count | Bel Load Count | Bels / Slice |
+---------------------------------------------------+----------------------------+------------------------------------+------------------+----------------+--------------+
|  inst_maquina_estados/led_finalizado_reg_i_2_n_0  |                            |                                    |                1 |              1 |         1.00 |
|  clk_IBUF_BUFG                                    | inst_detectorflanco/p_1_in |                                    |                1 |              1 |         1.00 |
|  clk_IBUF_BUFG                                    | inst_detectorflanco/p_1_in | inst_detectorflanco/sreg2_reg[1]_0 |                1 |              1 |         1.00 |
|  clk_IBUF_BUFG                                    |                            | inst_detectorflanco/AR[0]          |                1 |              3 |         3.00 |
|  inst_maquina_estados/led_funcionando_reg_i_2_n_0 |                            |                                    |                4 |              9 |         2.25 |
|  clk_IBUF_BUFG                                    |                            |                                    |                8 |             15 |         1.88 |
+---------------------------------------------------+----------------------------+------------------------------------+------------------+----------------+--------------+


